write 2674
write 1946
write 2267
write 2572
write 2512
write 1633
write 2314
write 3210
write 2667
write 2241
write 2255
write 2382
write 1947
write 2132
write 1929
write 2579
write 1822
write 1651
write 1199
write 2264
write 1758
write 2421
write 1768
write 2882
write 2128
write 2436
write 2566
write 2390
write 2800
write 2959
write 2493
write 2551
write 1681
write 2481
write 1759
write 2268
write 1861
write 1546
write 2235
write 2089
write 2141
write 1474
write 1823
write 2750
write 1724
write 2486
write 1931
write 2198
write 2070
write 1492
write 1969
write 2867
write 1781
write 2556
write 2628
write 2830
write 2345
write 2828
write 1837
write 2493
write 2017
write 2326
write 2845
write 2417
write 2426
write 2609
write 1839
write 2234
write 2141
write 3169
write 2125
write 2422
write 2422
write 2195
write 1619
write 2629
write 2745
write 2561
write 2768
write 2614
write 1740
write 1521
write 2006
write 1953
write 1886
write 1823
write 2418
write 2622
write 1790
write 1993
write 2269
write 2037
write 2434
write 2033
write 2664
write 2441
write 1984
write 1854
write 2370
write 2432
write 1709
write 1885
write 2511
write 2735
write 1442
write 2052
write 2458
write 2749
write 2818
write 1611
write 2048
write 1662
write 2235
write 1948
write 2461
write 1439
write 2668
write 2668
write 2450
write 2203
write 1938
write 1859
write 1430
write 2429
write 2655
write 3091
write 3023
write 1998
write 2450
write 1478
write 1728
write 2619
write 2545
write 1813
write 1771
write 2813
write 2060
write 1327
write 1993
write 2381
write 1817
write 3107
write 2197
write 1822
write 1911
write 2144
write 3255
write 2468
write 1956
write 2078
write 1792
write 2311
write 2170
write 1881
write 1664
write 2494
write 1643
write 2380
write 2576
write 1720
write 2553
write 2468
write 2391
write 2153
write 2909
write 2427
write 1737
write 2613
write 2079
write 2572
write 2257
write 2300
write 2318
write 727
write 3029
write 1826
write 974
write 2824
write 2943
write 1914
write 2279
write 2281
write 2071
write 2331
write 1341
write 1640
write 2619
write 1649
write 972
write 2289
write 2589
write 2974
write 2111
write 2890
write 2574
write 1696
write 1064
write 2259
write 2633
write 3145
write 2324
write 3081
write 2982
write 2341
write 1981
write 2605
write 2607
write 1928
write 2658
write 2529
write 1893
write 1956
write 2588
write 3031
write 2497
write 1884
write 1796
write 1666
write 2284
write 1729
write 2038
write 2506
write 2578
write 3315
write 1951
write 2142
write 2079
write 1849
write 2151
write 2310
write 2657
write 2223
write 1363
write 2317
write 2756
write 2401
write 1652
write 2967
write 2560
write 2724
write 3040
write 2599
write 2831
write 2416
write 1893
write 2642
write 1637
write 1999
write 2927
write 1872
write 2106
write 2185
write 1822
write 1907
write 2677
write 3136
write 2280
write 1612
write 2597
write 2258
write 1935
write 2112
write 2213
write 1772
write 1319
write 2351
write 2057
write 1781
write 2544
write 1661
write 2362
write 2360
write 3279
write 1529
write 1148
write 1769
write 2270
write 1663
write 2416
write 1759
write 2076
write 1644
write 1982
write 2302
write 2424
write 2433
write 1852
write 2156
write 1782
write 2304
write 1957
write 2135
write 2591
write 2499
write 2252
write 2539
write 2367
write 2233
write 2357
write 2864
write 2746
write 2335
write 1873
write 1674
write 2289
write 2520
write 1787
write 1831
write 2823
write 2843
write 2925
write 1819
write 2664
write 2351
write 3216
write 2718
write 1929
write 2121
write 2430
write 2569
write 1212
write 2474
write 2056
write 2047
write 1434
write 2140
write 2673
write 2590
write 1954
write 2294
write 2394
write 2635
write 2138
write 1695
write 3102
write 2501
write 2453
write 1157
write 2500
write 2539
write 1358
write 1845
write 1821
write 2249
write 2505
write 2452
write 2277
write 2656
write 2140
write 1696
write 2289
write 2645
write 2267
write 2074
write 1980
write 2318
write 2304
write 1516
write 1624
write 1783
write 2600
write 2692
write 2011
write 1429
write 1546
write 1721
write 2323
write 2252
write 1611
write 1717
write 2857
write 2320
write 2609
write 2401
write 2937
write 1980
write 2242
write 2310
write 1676
write 2774
write 2703
write 3003
write 1774
write 2629
write 1834
write 2377
write 2026
write 2090
write 2682
write 2046
write 3454
write 1495
write 2148
write 2807
write 2165
write 2393
write 1740
write 3425
write 2143
write 2113
write 2160
write 2428
write 2637
write 2207
write 2090
write 1928
write 3017
write 1531
write 2120
write 3201
write 1438
write 1895
write 2611
write 2215
write 2410
write 1486
write 1913
write 1926
write 2458
write 1962
write 2284
write 2402
write 1888
write 2601
write 2150
write 2064
write 2203
write 1753
write 1767
write 2093
write 2172
write 2279
write 1771
write 1385
write 1954
write 1994
write 2366
write 2619
write 1675
write 2957
write 1869
write 2692
write 2117
write 2743
write 1751
write 2128
write 2077
write 2269
write 3132
write 1950
write 2239
write 1950
write 1617
write 2889
write 2467
write 2792
write 2269
write 2463
write 1833
write 2859
write 2827
write 1779
write 2297
write 3060
write 1761
write 1939
write 1470
write 1839
write 2646
write 2308
write 2039
write 2244
write 2575
write 2819
write 2400
write 1981
write 1024
write 2805
write 2615
write 1663
write 2350
write 2525
write 2012
write 2402
write 2378
write 2974
write 2969
write 2329
write 2168
write 2289
write 1570
write 2517
write 2356
write 1636
write 1726
write 3023
write 2225
write 1994
write 1883
write 2830
write 2038
write 1917
write 2019
write 2379
write 2163
write 2076
write 2163
write 2276
write 3180
write 2473
write 2716
write 2092
write 2257
write 2035
write 2352
write 2817
write 2353
write 2358
write 2886
write 2760
write 3235
write 2258
write 2355
write 1900
write 1415
write 2052
write 2050
write 2338
write 1934
write 2352
write 1779
write 2653
write 2400
write 2703
write 2280
write 1599
write 1838
write 2575
write 1872
write 2339
write 2357
write 2375
write 2469
write 2500
write 2488
write 1610
write 2934
write 1900
write 3378
write 1699
write 2024
write 1878
write 2562
write 2690
write 2359
write 2459
write 2770
write 2409
write 2703
write 2364
write 1961
write 1699
write 1871
write 2204
write 2301
write 1936
write 2471
write 2254
write 2936
write 1736
write 2739
write 2625
write 2724
write 1256
write 2577
write 1883
write 2369
write 2169
write 2102
write 2176
write 2681
write 3020
write 2388
write 2023
write 3045
write 3321
write 2270
write 1738
write 2694
write 1359
write 3124
write 2786
write 1845
write 2092
write 2182
write 2800
write 2598
write 2298
write 1762
write 1850
write 2358
write 2565
write 2337
write 2451
write 1617
write 2416
write 2797
write 2426
write 2236
write 2149
write 2779
write 2406
write 2730
write 2540
write 2802
write 2883
write 1849
write 2321
write 2122
write 3168
write 3343
write 1391
write 2843
write 1562
write 2134
write 2731
write 2751
write 2364
write 2051
write 1939
write 1974
write 1198
write 1515
write 2693
write 1906
write 2713
write 2612
write 3343
write 2168
write 2262
write 2111
write 2876
write 2402
write 2635
write 1774
write 2521
write 2252
write 2208
write 2286
write 2327
write 2312
write 1431
write 1469
write 2105
write 1803
write 2385
write 1699
write 1812
write 2215
write 2623
write 2326
write 2174
write 2261
write 2200
write 2749
write 2186
write 2019
write 2131
write 2696
write 1645
write 2066
write 2807
write 2586
write 2222
write 2591
write 2698
write 2512
write 2340
write 2116
write 2886
write 2237
write 2410
write 2719
write 976
write 2475
write 1380
write 2486
write 2144
write 1826
write 1766
write 2694
write 3042
write 2103
write 2108
write 2107
write 1474
write 3229
write 1871
write 1766
write 2474
write 2977
write 2395
write 2296
write 2659
write 2359
write 2685
write 1819
write 2116
write 2270
write 2305
write 2838
write 2558
write 1863
write 2718
write 2277
write 3179
write 2003
write 2394
write 2988
write 2347
write 2433
write 1611
write 1951
write 2101
write 2683
write 2817
write 2085
write 1510
write 1982
write 2514
write 2510
write 2315
write 1453
write 2632
write 2413
write 2655
write 2671
write 2943
write 2279
write 2248
write 1889
write 3292
write 2484
write 2099
write 2272
write 2410
write 2598
write 2153
write 2324
write 2121
write 2360
write 1865
write 2632
write 2243
write 2722
write 1704
write 1487
write 2150
write 2400
write 1641
write 2782
write 1906
write 2853
write 2174
write 1836
write 2592
write 2545
write 1371
write 1741
write 2662
write 2073
write 2273
write 1892
write 1914
write 2208
write 2034
write 2093
write 2313
write 2253
write 2796
write 2919
write 2296
write 2481
write 1921
write 2815
write 1958
write 2651
write 2580
write 1876
write 2169
write 2784
write 2855
write 3069
write 2745
write 2231
write 2563
write 1722
write 1725
write 2307
write 1672
write 1649
write 2316
write 2501
write 2954
write 2424
write 1809
write 1437
write 2186
write 2641
write 2298
write 2570
write 2311
write 2293
write 2149
write 2169
write 2186
write 1962
write 2398
write 2506
write 2302
write 2723
write 2611
write 1776
write 2168
write 2185
write 2587
write 2235
write 1708
write 2546
write 2373
write 1630
write 1942
write 2643
write 2501
write 2897
write 2377
write 2394
write 2882
write 2059
write 2822
write 2862
write 3006
write 2078
write 2777
write 2267
write 2635
write 2340
write 2130
write 1809
write 2235
write 1174
write 1886
write 2276
write 2856
write 2663
write 2197
write 2420
write 2686
write 1461
write 1966
write 2416
write 2097
write 2423
write 2119
write 2625
write 2148
write 3472
write 2869
write 2613
write 2847
write 2356
write 1819
write 2470
write 2390
write 2513
write 1922
write 2085
write 2380
write 1637
write 1689
write 2328
write 2592
write 1817
write 2107
write 2036
write 2745
write 2677
write 2807
write 1747
write 2072
write 2853
write 3084
write 1378
write 2544
write 2090
write 1917
write 1613
write 1461
write 2754
write 1971
write 1613
write 2266
write 2344
write 2704
write 1434
write 2758
write 2054
write 1237
write 1930
write 2368
write 2200
write 3021
write 2294
write 2127
write 1547
write 1773
write 2263
write 2137
write 1063
write 2025
write 2402
write 2500
write 2198
write 2083
write 2440
write 2701
write 1668
write 2199
write 1978
write 2103
write 3193
write 2151
write 1754
write 2191
write 1874
write 2437
write 2784
write 2129
write 2507
write 2630
write 2134
write 2652
write 2435
write 2346
write 2379
write 2541
write 2224
write 2979
write 2541
write 2714
write 2019
write 2229
write 2442
write 2321
write 2507
write 2666
write 2342
write 2686
write 1922
write 3103
write 2303
write 2458
write 2092
write 2430
write 1241
write 2599
write 2775
write 3164
write 1942
write 1835
write 1962
write 2312
write 1782
write 2044
write 2070
write 2325
write 2352
write 2128
write 2900
write 1885
write 2216
write 1444
write 2471
write 1854
write 2051
write 2469
write 2230
write 3120
write 2203
write 1937
write 2626
write 2209
write 2551
write 1591
write 2270
write 2012
write 2571
write 2890
write 1661
write 2612
write 2413
write 2113
write 1966
write 2128
write 2108
write 2262
write 2497
write 1933
write 1914
write 2494
write 2479
write 1670
write 2287
write 2912
write 1623
write 2463
write 2470
write 2480
write 2598
write 1668
write 2150
write 2001
write 3415
write 2465
write 1888
write 1990
write 1789
write 2149
write 2664
write 2227
write 2077
write 2460
write 2770
write 1634
write 1861
write 2838
write 2584
write 2406
write 2237
write 2128
write 1956
write 2927
write 1960
write 2162
write 1687
write 2293
write 2233
write 1891
write 1847
write 1823
write 1547
write 2392
write 2186
write 1515
write 2310
write 2758
write 2960
write 2046
write 1751
write 2194
write 2245
write 2199
write 2476
write 1819
write 1932
write 1774
write 1363
write 2072
write 2325
write 2704
write 2039
write 1831
write 2027
write 1720
write 2331
write 2280
write 2322
write 3129
write 2549
write 2031
write 2618
write 1806
write 2669
write 2486
write 1772
write 2526
write 3220
write 2722
write 2051
write 2435
write 2077
write 2756
write 2207
write 2384
write 2340
write 2409
write 1636
write 2314
write 2073
write 2151
write 2217
write 1591
write 2140
write 2391
write 2379
write 2829
write 2370
write 1975
write 1834
write 2096
write 1830
write 2127
write 2456
write 2543
write 1909
write 2094
write 2747
write 1596
write 2570
write 2647
write 2078
write 2033
write 3088
write 2003
write 1983
write 1340
write 1894
write 3027
write 2404
write 1883
write 2540
write 2622
write 2582
write 2787
write 2641
write 1943
write 2007
write 1882
write 2383
write 2162
write 2357
write 2309
write 1794
write 3144
write 2427
write 2218
write 1659
write 1654
write 1851
write 2401
write 2703
write 2700
write 2271
write 1715
write 1659
write 2201
write 2024
write 2689
write 2725
write 2773
write 2102
write 1665
write 2845
write 2114
write 2979
write 2679
write 2005
write 3161
write 1741
write 1719
write 2114
write 1823
write 1775
write 1668
write 2381
write 2807
write 2284
write 2212
write 2270
write 1866
write 2245
write 2484
write 2100
write 2774
write 2925
write 1747
write 2257
write 1948
write 2046
write 2895
write 2416
write 3036
write 2012
write 2650
write 2817
write 2422
write 2315
write 2437
write 2279
write 2447
write 2815
write 2618
write 1823
write 2093
write 1709
write 2661
write 2553
write 1848
write 2618
write 1719
write 2087
write 2059
write 2145
write 1923
write 2239
write 2180
write 2145
write 2933
write 2997
write 1792
write 2681
write 1889
write 2281
write 2196
write 1742
write 2277
write 1991
write 2285
write 1672
write 2210
write 2149
write 2430
write 1620
write 2480
write 2698
write 2602
write 2894
write 2585
write 2215
write 2632
write 2315
write 2169
write 1819
write 2160
write 1931
write 2227
write 2676
write 1332
write 2584
write 2348
write 1828
write 2460
write 1345
write 1940
write 2656
write 2276
write 1592
write 1630
write 2741
write 2061
write 2322
write 2387
write 1848
write 3115
write 2174
write 2519
write 1374
write 2068
write 2071
write 2186
write 1360
write 2221
write 1958
write 3172
write 1957
write 2207
write 1996
write 2467
write 1806
write 2173
write 1858
write 2550
write 1563
write 2875
write 2084
write 2810
write 2226
write 1194
write 1806
write 2411
write 2351
write 2712
write 1615
write 1968
write 2167
write 2385
write 2587
write 2795
write 1670
write 2013
write 2663
write 2595
write 1799
write 2873
write 1497
write 2119
write 1597
write 2406
write 2420
write 2659
write 2268
write 1922
write 2409
write 1915
write 2179
write 2064
write 1826
write 2357
write 3380
write 2368
write 2742
write 1771
write 2124
write 2890
write 1596
write 3017
write 2213
write 2235
write 2667
write 2613
write 1278
write 3017
write 1965
write 2067
write 3374
write 1509
write 1779
write 2873
write 2388
write 2007
write 2146
write 1785
write 2129
write 2735
write 2604
write 2571
write 2494
write 1623
write 2711
write 1929
write 2044
write 2499
write 2389
write 2595
write 2896
write 1655
write 2189
write 1648
write 2526
write 2490
write 1849
write 2415
write 2439
write 2332
write 2533
write 2233
write 1910
write 2276
write 2787
write 2070
write 3216
write 2558
write 1797
write 2315
write 2718
write 2837
write 2385
write 2987
write 2437
write 2624
write 2774
write 2109
write 2143
write 1735
write 1824
write 1992
write 2700
write 2893
write 2088
write 1770
write 1813
write 2880
write 1650
write 2032
write 2681
write 3138
write 1975
write 1978
write 3016
write 2524
write 2111
write 2336
write 2964
write 2732
write 2050
write 2373
write 1725
write 2078
write 2667
write 1923
write 1453
write 1939
write 2645
write 2195
write 2492
write 2349
write 2104
write 2152
write 2866
write 2316
write 2040
write 2641
write 2083
write 2052
write 2187
write 1581
write 2096
write 2205
write 2167
write 2208
write 2165
write 2410
write 2479
write 2668
write 2566
write 2148
write 1756
write 2280
write 2338
write 2748
write 1730
write 1892
write 2681
write 1841
write 2232
write 1476
write 2286
write 2810
write 2205
write 2910
write 2151
write 3342
write 2219
write 2351
write 2409
write 2552
write 2468
write 2287
write 2304
write 2567
write 1310
write 2137
write 3024
write 2180
write 1961
write 1696
write 1603
write 2239
write 1113
write 2152
write 1902
write 1330
write 2145
write 2247
write 1901
write 1918
write 2580
write 2279
write 2140
write 1612
write 2547
write 1421
write 1249
write 2276
write 2350
write 2892
write 2107
write 2603
write 2329
write 2020
write 2325
write 3191
write 2121
write 2368
write 3062
write 2058
write 2611
write 2734
write 2110
write 2450
write 2001
write 1626
write 2198
write 2138
write 2164
write 1956
write 2824
write 2055
write 2563
write 2667
write 2615
write 1764
write 1984
write 2860
write 2654
write 3239
write 1728
write 1667
write 2506
write 2669
write 1700
write 1966
write 3225
write 2431
write 2889
write 2364
write 2395
write 1475
write 1877
write 2694
write 1971
write 2048
write 1971
write 2306
write 2026
write 1877
write 2398
write 1999
write 2506
write 2154
write 1799
write 2168
write 2644
write 2602
write 2546
write 1826
write 2756
write 1947
write 1982
write 1945
write 2562
write 2153
write 2650
write 1614
write 2121
write 2309
write 1909
write 2735
write 2244
write 1572
write 2451
write 2490
write 2598
write 2917
write 2461
write 2360
write 2486
write 1813
write 3052
write 1336
write 2271
write 2763
write 1911
write 2144
write 2044
write 1754
write 2482
write 2870
write 2248
write 2445
write 2651
write 2545
write 2615
write 2681
write 1813
write 1996
write 2472
write 1587
write 2248
write 1713
write 2920
write 3484
write 2329
write 1754
write 2953
write 1396
write 2189
write 1771
write 3056
write 2840
write 2925
write 1981
write 2981
write 2339
write 2715
write 2235
write 2020
write 2030
write 2237
write 3157
write 2834
write 1862
write 2201
write 3049
write 2074
write 2156
write 2123
write 2549
write 1317
write 2102
write 2679
write 2161
write 2054
write 1812
write 2843
write 2462
write 2235
write 2034
write 1617
write 2673
write 1551
write 1391
write 2369
write 2270
write 1538
write 2847
write 2136
write 2577
write 1884
write 3132
write 1630
write 2046
write 1895
write 2277
write 2556
write 2611
write 2043
write 3026
write 1499
write 1915
write 1815
write 3102
write 2595
write 2256
write 1996
write 1509
write 1642
write 2314
write 1657
write 2226
write 2153
write 2564
write 2922
write 2918
write 2368
write 2412
write 2522
write 2534
write 2589
write 2311
write 2377
write 1551
write 2578
write 2104
write 2076
write 1730
write 2570
write 1913
write 1791
write 2566
write 2515
write 1695
write 2191
write 2376
write 2632
write 1865
write 2006
write 2393
write 2231
write 2821
write 2180
write 2966
write 2102
write 1942
write 2579
write 2451
write 1821
write 2654
write 2602
write 2511
write 1884
write 2178
write 2575
write 1804
write 2075
write 2483
write 2044
write 2178
write 2669
write 2509
write 1854
write 2036
write 2230
write 1936
write 1980
write 2094
write 2489
write 1944
write 1753
write 2602
write 2995
write 2231
write 1915
write 2534
write 2189
write 2327
write 1721
write 1540
write 1962
write 1365
write 2120
write 1737
write 2040
write 2261
write 2670
write 2637
write 1781
write 1747
write 2184
write 2315
write 2776
write 2523
write 2352
write 3127
write 2383
write 2982
write 1662
write 1607
write 2233
write 2445
write 1798
write 1573
write 3546
write 1806
write 3308
write 1809
write 2706
write 2508
write 2663
write 1967
write 2664
write 2583
write 2086
write 2552
write 2708
write 2299
write 2487
write 2331
write 2508
write 1961
write 1976
write 2640
write 2554
write 2192
write 2582
write 2285
write 1930
write 2674
write 2660
write 2219
write 2298
write 1737
write 2692
write 1738
write 2347
write 2498
write 1501
write 3093
write 2813
write 2791
write 2038
write 2544
write 3503
write 3155
write 2875
write 2489
write 3253
write 2656
write 2118
write 2314
write 2493
write 2824
write 2306
write 1904
write 2404
write 2359
write 2853
write 2019
write 2785
write 2109
write 2087
write 2919
write 2896
write 2431
write 2530
write 2896
write 2343
write 2348
write 1949
write 1588
write 2398
write 1993
write 2001
write 2310
write 2127
write 2169
write 1818
write 2271
write 2566
write 2286
write 2305
write 2311
write 2777
write 2306
write 2233
write 2228
write 1250
write 2007
write 2195
write 2320
write 2069
write 2490
write 2238
write 1756
write 2613
write 2864
write 2184
write 1656
write 2587
write 2301
write 1953
write 2663
write 2505
write 2575
write 2419
write 1919
write 2101
write 2375
write 2581
write 2203
write 2111
write 3171
write 2377
write 2405
write 1769
write 1535
write 2321
write 2411
write 2645
write 2867
write 2267
write 2197
write 2077
write 1702
write 1319
write 1953
write 3023
write 2117
write 2497
write 2856
write 1800
write 2409
write 1700
write 1671
write 2709
write 2966
write 2793
write 1884
write 2225
write 2303
write 3052
write 2355
write 2308
write 1969
write 2651
write 2487
write 2415
write 1324
write 2371
write 2396
write 2028
write 2983
write 1299
write 2105
write 1848
write 2710
write 1730
write 2718
write 1668
write 2265
write 2242
write 2546
write 2407
write 2157
write 2425
write 2267
write 1903
write 2681
write 2063
write 1709
write 2930
write 2106
write 2139
write 2445
write 2221
write 2671
write 2847
write 2469
write 2649
write 2046
write 2468
write 2745
write 2103
write 2897
write 2620
write 2162
write 1627
write 2616
write 1926
write 1862
write 1363
write 2078
write 1903
write 2647
write 2202
write 2204
write 2246
write 2092
write 1596
write 2466
write 3046
write 3217
write 1814
write 2173
write 1588
write 2202
write 1579
write 2595
write 2489
write 1975
write 3410
write 2041
write 2398
write 2760
write 2454
write 2730
write 2450
write 2677
write 2566
write 2745
write 1260
write 3017
write 1489
write 2075
write 2715
write 2359
write 1630
write 1860
write 1789
write 2768
write 2261
write 1940
write 2111
write 2656
write 1824
write 1417
write 1683
write 1951
write 2204
write 2511
write 1779
write 2472
write 1852
write 2298
write 2616
write 2184
write 1739
write 2239
write 2216
write 2732
write 2121
write 2595
write 2224
write 1937
write 2409
write 1950
write 2315
write 1927
write 1983
write 1262
write 2863
write 1856
write 3131
write 2562
write 2794
write 2726
write 2227
write 1557
write 2423
write 1917
write 2117
write 3253
write 1175
write 1707
write 1633
write 2178
write 2565
write 1374
write 2345
write 2656
write 1675
write 2376
write 3081
write 2046
write 1676
write 2129
write 1698
write 1944
write 2066
write 2695
write 1827
write 2049
write 2517
write 1807
write 2428
write 1888
write 1693
write 2667
write 1717
write 1966
write 2261
write 2063
write 2434
write 1727
write 2187
write 2827
write 2434
write 1768
write 1860
write 2539
write 1626
write 1285
write 2975
write 2073
write 1853
write 2076
write 2039
write 2216
write 2080
write 2649
write 2214
write 1469
write 2211
write 2577
write 2335
write 1248
write 1455
write 2907
write 3050
write 2042
write 2078
write 1757
write 2102
write 2999
write 2209
write 1653
write 2106
write 1949
write 2439
write 2079
write 2529
write 2733
write 2343
write 2669
write 3223
write 2638
write 2246
write 1593
write 2652
write 3275
write 1978
write 2704
write 2365
write 1982
write 1923
write 2770
write 2387
write 2600
write 1841
write 2601
write 2682
write 2946
write 1984
write 2656
write 2201
write 2562
write 2884
write 2145
write 1884
write 1479
write 2139
write 2388
write 2700
write 2772
write 3098
write 1658
write 2651
write 2984
write 2474
write 2457
write 2310
write 1766
write 2500
write 2701
write 2314
write 2201
write 3506
write 1982
write 2529
write 1958
write 2224
write 2179
write 2481
write 1467
write 2283
write 2312
write 1996
write 2416
write 2240
write 2733
write 2611
write 2757
write 2108
write 2241
write 1579
write 1913
write 2637
write 2755
write 1818
write 2438
write 2498
write 2063
write 2267
write 1953
write 2258
write 2723
write 3074
write 1931
write 2678
write 2430
write 2484
write 2689
write 2233
write 1950
write 2442
write 3369
write 2244
write 2288
write 2258
write 2563
write 2614
write 2842
write 2059
write 2220
write 2612
write 1353
write 2163
write 2603
write 2055
write 2418
write 2121
write 1725
write 2401
write 2751
write 2469
write 1563
write 2438
write 2264
write 1777
write 2364
write 1425
write 2066
write 1738
write 1929
write 1464
write 2063
write 1368
write 2149
write 2360
write 1700
write 1793
write 2194
write 2288
write 2503
write 2125
write 2509
write 2449
write 2154
write 1692
write 2021
write 2670
write 2736
write 2240
write 2276
write 1868
write 1182
write 2072
write 1972
write 2282
write 1655
write 1945
write 2622
write 2614
write 1709
write 2997
write 1998
write 2491
write 2984
write 2419
write 2411
write 2110
write 2029
write 2544
write 2929
write 2085
write 2763
write 1902
write 2672
write 2479
write 1970
write 2304
write 2279
write 2927
write 2241
write 2286
write 2764
write 2016
write 2367
write 2803
write 2485
write 1999
write 1593
write 2657
write 1602
write 1799
write 2841
write 2528
write 1826
write 1405
write 1962
write 2107
write 2281
write 2000
write 3034
write 2474
write 2346
write 1234
write 2528
write 1713
write 3066
write 2537
write 1655
write 2853
write 1864
write 1845
write 2383
write 2051
write 2147
write 2196
write 2053
write 2521
write 2091
write 2868
write 2487
write 1997
write 2575
write 2397
write 1538
write 2531
write 2183
write 1974
write 2605
write 2597
write 2259
write 1188
write 2198
write 1717
write 1583
write 1730
write 2976
write 1823
write 3034
write 2874
write 1912
write 2840
write 2532
write 2781
write 1979
write 2094
write 2610
write 1831
write 2730
write 2531
write 2000
write 2536
write 2457
write 1697
write 1060
write 2387
write 2176
write 2088
write 2385
write 2632
write 1719
write 2210
write 2027
write 2534
write 1692
write 2172
write 2221
write 2151
write 2767
write 1826
write 1982
write 1655
write 2249
write 1901
write 2230
write 1901
write 2832
write 2607
write 2589
write 2229
write 2009
write 1882
write 2045
write 2218
write 2916
write 2042
write 2302
write 1981
write 2199
write 2435
write 2203
write 1712
write 1638
write 1663
write 2236
write 1714
write 2896
write 1538
write 1935
write 2399
write 2779
write 2155
write 1933
write 2582
write 2156
write 3532
write 2085
write 2687
write 2138
write 2336
write 2519
write 2582
write 1898
write 2691
write 1851
write 2625
write 2212
write 2287
write 1770
write 2109
write 2081
write 2206
write 3212
write 2585
write 1900
write 2819
write 1965
write 1694
write 2828
write 1740
write 1895
write 1644
write 1869
